<?xml version="1.0" encoding="UTF-8"?>
<robot generator="Robot 5.0 (Python 3.7.5 on win32)" generated="20220525 11:37:58.529" rpa="false" schemaversion="3">
<suite id="s1" name="Tables" source="c:\Users\eusou\qaninja\robot\Ganchos\tables.robot">
<test id="s1-t1" name="verifica o valor ao informar o numero da linha" line="8">
<kw name="New Session" library="base" type="SETUP">
<kw name="Open Browser" library="SeleniumLibrary">
<arg>${url}</arg>
<arg>chrome</arg>
<doc>Opens a new browser instance to the optional ``url``.</doc>
<msg timestamp="20220525 11:37:59.010" level="INFO">Opening browser 'chrome' to base url 'https://training-wheels-protocol.herokuapp.com'.</msg>
<status status="PASS" starttime="20220525 11:37:59.009" endtime="20220525 11:38:03.472"/>
</kw>
<status status="PASS" starttime="20220525 11:37:59.009" endtime="20220525 11:38:03.472"/>
</kw>
<kw name="Go To" library="SeleniumLibrary">
<arg>${url}/tables</arg>
<doc>Navigates the current browser window to the provided ``url``.</doc>
<msg timestamp="20220525 11:38:03.473" level="INFO">Opening url 'https://training-wheels-protocol.herokuapp.com/tables'</msg>
<status status="PASS" starttime="20220525 11:38:03.472" endtime="20220525 11:38:03.860"/>
</kw>
<kw name="Table Row Should Contain" library="SeleniumLibrary">
<arg>id:actors</arg>
<arg>1</arg>
<arg>$ 10.000.000</arg>
<doc>Verifies that table row contains text ``expected``.</doc>
<status status="PASS" starttime="20220525 11:38:03.861" endtime="20220525 11:38:03.907"/>
</kw>
<kw name="Sleep" library="BuiltIn">
<arg>5</arg>
<doc>Pauses the test executed for the given time.</doc>
<msg timestamp="20220525 11:38:08.915" level="INFO">Slept 5 seconds</msg>
<status status="PASS" starttime="20220525 11:38:03.908" endtime="20220525 11:38:08.915"/>
</kw>
<kw name="Close Session" library="base" type="TEARDOWN">
<kw name="Capture Page Screenshot" library="SeleniumLibrary">
<doc>Takes a screenshot of the current page and embeds it into a log file.</doc>
<msg timestamp="20220525 11:38:09.052" level="INFO" html="true">&lt;/td&gt;&lt;/tr&gt;&lt;tr&gt;&lt;td colspan="3"&gt;&lt;a href="selenium-screenshot-9.png"&gt;&lt;img src="selenium-screenshot-9.png" width="800px"&gt;&lt;/a&gt;</msg>
<status status="PASS" starttime="20220525 11:38:08.917" endtime="20220525 11:38:09.052"/>
</kw>
<kw name="Close Browser" library="SeleniumLibrary">
<doc>Closes the current browser.</doc>
<status status="PASS" starttime="20220525 11:38:09.052" endtime="20220525 11:38:11.194"/>
</kw>
<status status="PASS" starttime="20220525 11:38:08.916" endtime="20220525 11:38:11.194"/>
</kw>
<status status="PASS" starttime="20220525 11:37:59.008" endtime="20220525 11:38:11.195"/>
</test>
<test id="s1-t2" name="verifica o valor ao informar o numero da linha com falha pois na linha 1 nao tem vindiesel, vindiesel esta na linha 2" line="13">
<kw name="New Session" library="base" type="SETUP">
<kw name="Open Browser" library="SeleniumLibrary">
<arg>${url}</arg>
<arg>chrome</arg>
<doc>Opens a new browser instance to the optional ``url``.</doc>
<msg timestamp="20220525 11:38:11.197" level="INFO">Opening browser 'chrome' to base url 'https://training-wheels-protocol.herokuapp.com'.</msg>
<status status="PASS" starttime="20220525 11:38:11.197" endtime="20220525 11:38:14.651"/>
</kw>
<status status="PASS" starttime="20220525 11:38:11.197" endtime="20220525 11:38:14.651"/>
</kw>
<kw name="Go To" library="SeleniumLibrary">
<arg>${url}/tables</arg>
<doc>Navigates the current browser window to the provided ``url``.</doc>
<msg timestamp="20220525 11:38:14.652" level="INFO">Opening url 'https://training-wheels-protocol.herokuapp.com/tables'</msg>
<status status="PASS" starttime="20220525 11:38:14.652" endtime="20220525 11:38:14.944"/>
</kw>
<kw name="Table Row Should Contain" library="SeleniumLibrary">
<arg>id:actors</arg>
<arg>1</arg>
<arg>@vindiesel</arg>
<doc>Verifies that table row contains text ``expected``.</doc>
<kw name="Capture Page Screenshot" library="SeleniumLibrary">
<doc>Takes a screenshot of the current page and embeds it into a log file.</doc>
<msg timestamp="20220525 11:38:15.122" level="INFO" html="true">&lt;/td&gt;&lt;/tr&gt;&lt;tr&gt;&lt;td colspan="3"&gt;&lt;a href="selenium-screenshot-11.png"&gt;&lt;img src="selenium-screenshot-11.png" width="800px"&gt;&lt;/a&gt;</msg>
<status status="PASS" starttime="20220525 11:38:14.993" endtime="20220525 11:38:15.122"/>
</kw>
<msg timestamp="20220525 11:38:15.123" level="FAIL">Table 'id:actors' row 1 did not contain text '@vindiesel'.</msg>
<status status="FAIL" starttime="20220525 11:38:14.945" endtime="20220525 11:38:15.128"/>
</kw>
<kw name="Sleep" library="BuiltIn">
<arg>5</arg>
<doc>Pauses the test executed for the given time.</doc>
<status status="NOT RUN" starttime="20220525 11:38:15.128" endtime="20220525 11:38:15.128"/>
</kw>
<kw name="Close Session" library="base" type="TEARDOWN">
<kw name="Capture Page Screenshot" library="SeleniumLibrary">
<doc>Takes a screenshot of the current page and embeds it into a log file.</doc>
<msg timestamp="20220525 11:38:15.255" level="INFO" html="true">&lt;/td&gt;&lt;/tr&gt;&lt;tr&gt;&lt;td colspan="3"&gt;&lt;a href="selenium-screenshot-12.png"&gt;&lt;img src="selenium-screenshot-12.png" width="800px"&gt;&lt;/a&gt;</msg>
<status status="PASS" starttime="20220525 11:38:15.129" endtime="20220525 11:38:15.256"/>
</kw>
<kw name="Close Browser" library="SeleniumLibrary">
<doc>Closes the current browser.</doc>
<status status="PASS" starttime="20220525 11:38:15.256" endtime="20220525 11:38:17.370"/>
</kw>
<status status="PASS" starttime="20220525 11:38:15.129" endtime="20220525 11:38:17.370"/>
</kw>
<status status="FAIL" starttime="20220525 11:38:11.196" endtime="20220525 11:38:17.371">Table 'id:actors' row 1 did not contain text '@vindiesel'.</status>
</test>
<test id="s1-t3" name="Descobre a linha pelo texto chave e valida os demais valores" line="18">
<kw name="New Session" library="base" type="SETUP">
<kw name="Open Browser" library="SeleniumLibrary">
<arg>${url}</arg>
<arg>chrome</arg>
<doc>Opens a new browser instance to the optional ``url``.</doc>
<msg timestamp="20220525 11:38:17.374" level="INFO">Opening browser 'chrome' to base url 'https://training-wheels-protocol.herokuapp.com'.</msg>
<status status="PASS" starttime="20220525 11:38:17.373" endtime="20220525 11:38:20.866"/>
</kw>
<status status="PASS" starttime="20220525 11:38:17.373" endtime="20220525 11:38:20.866"/>
</kw>
<kw name="Go To" library="SeleniumLibrary">
<arg>${url}/tables</arg>
<doc>Navigates the current browser window to the provided ``url``.</doc>
<msg timestamp="20220525 11:38:20.867" level="INFO">Opening url 'https://training-wheels-protocol.herokuapp.com/tables'</msg>
<status status="PASS" starttime="20220525 11:38:20.867" endtime="20220525 11:38:21.146"/>
</kw>
<kw name="Get WebElement" library="SeleniumLibrary">
<var>${target}</var>
<arg>xpath:.//tr:[contains(., '@chadwickboseman')]</arg>
<doc>Returns the first WebElement matching the given ``locator``.</doc>
<kw name="Capture Page Screenshot" library="SeleniumLibrary">
<doc>Takes a screenshot of the current page and embeds it into a log file.</doc>
<msg timestamp="20220525 11:38:21.305" level="INFO" html="true">&lt;/td&gt;&lt;/tr&gt;&lt;tr&gt;&lt;td colspan="3"&gt;&lt;a href="selenium-screenshot-13.png"&gt;&lt;img src="selenium-screenshot-13.png" width="800px"&gt;&lt;/a&gt;</msg>
<status status="PASS" starttime="20220525 11:38:21.161" endtime="20220525 11:38:21.305"/>
</kw>
<msg timestamp="20220525 11:38:21.305" level="FAIL">InvalidSelectorException: Message: invalid selector: Unable to locate an element with the xpath expression .//tr:[contains(., '@chadwickboseman')] because of the following error:
SyntaxError: Failed to execute 'evaluate' on 'Document': The string './/tr:[contains(., '@chadwickboseman')]' is not a valid XPath expression.
  (Session info: chrome=101.0.4951.67)
</msg>
<status status="FAIL" starttime="20220525 11:38:21.146" endtime="20220525 11:38:21.312"/>
</kw>
<kw name="Log" library="BuiltIn">
<arg>${target.text}</arg>
<doc>Logs the given message with the given level.</doc>
<status status="NOT RUN" starttime="20220525 11:38:21.313" endtime="20220525 11:38:21.313"/>
</kw>
<kw name="Log To Console" library="BuiltIn">
<arg>${target.text}</arg>
<doc>Logs the given message to the console.</doc>
<status status="NOT RUN" starttime="20220525 11:38:21.314" endtime="20220525 11:38:21.314"/>
</kw>
<kw name="Should Contain" library="BuiltIn">
<arg>${target.text}</arg>
<arg>$ 700.000</arg>
<doc>Fails if ``container`` does not contain ``item`` one or more times.</doc>
<status status="NOT RUN" starttime="20220525 11:38:21.314" endtime="20220525 11:38:21.314"/>
</kw>
<kw name="Should Contain" library="BuiltIn">
<arg>${target.text}</arg>
<arg>Pantera Negra</arg>
<doc>Fails if ``container`` does not contain ``item`` one or more times.</doc>
<status status="NOT RUN" starttime="20220525 11:38:21.315" endtime="20220525 11:38:21.315"/>
</kw>
<kw name="Sleep" library="BuiltIn">
<arg>5</arg>
<doc>Pauses the test executed for the given time.</doc>
<status status="NOT RUN" starttime="20220525 11:38:21.315" endtime="20220525 11:38:21.315"/>
</kw>
<kw name="Close Session" library="base" type="TEARDOWN">
<kw name="Capture Page Screenshot" library="SeleniumLibrary">
<doc>Takes a screenshot of the current page and embeds it into a log file.</doc>
<msg timestamp="20220525 11:38:21.438" level="INFO" html="true">&lt;/td&gt;&lt;/tr&gt;&lt;tr&gt;&lt;td colspan="3"&gt;&lt;a href="selenium-screenshot-14.png"&gt;&lt;img src="selenium-screenshot-14.png" width="800px"&gt;&lt;/a&gt;</msg>
<status status="PASS" starttime="20220525 11:38:21.316" endtime="20220525 11:38:21.438"/>
</kw>
<kw name="Close Browser" library="SeleniumLibrary">
<doc>Closes the current browser.</doc>
<status status="PASS" starttime="20220525 11:38:21.439" endtime="20220525 11:38:23.539"/>
</kw>
<status status="PASS" starttime="20220525 11:38:21.315" endtime="20220525 11:38:23.539"/>
</kw>
<status status="FAIL" starttime="20220525 11:38:17.372" endtime="20220525 11:38:23.540">InvalidSelectorException: Message: invalid selector: Unable to locate an element with the xpath expression .//tr:[contains(., '@chadwickboseman')] because of the following error:
SyntaxError: Failed to execute 'evaluate' on 'Document': The string './/tr:[contains(., '@chadwickboseman')]' is not a valid XPath expression.
  (Session info: chrome=101.0.4951.67)
</status>
</test>
<status status="FAIL" starttime="20220525 11:37:58.531" endtime="20220525 11:38:23.542"/>
</suite>
<statistics>
<total>
<stat pass="1" fail="2" skip="0">All Tests</stat>
</total>
<tag>
</tag>
<suite>
<stat pass="1" fail="2" skip="0" id="s1" name="Tables">Tables</stat>
</suite>
</statistics>
<errors>
</errors>
</robot>
